0 info it worked if it ends with ok
1 verbose cli [
1 verbose cli   '/home/patrick/.nvm/versions/node/v12.12.0/bin/node',
1 verbose cli   '/home/patrick/.nvm/versions/node/v12.12.0/bin/npm',
1 verbose cli   'run',
1 verbose cli   'build'
1 verbose cli ]
2 info using npm@3.10.10
3 info using node@v12.12.0
4 verbose run-script [ 'prebuild', 'build', 'postbuild' ]
5 info lifecycle sulla-hotfix@1.3.1~prebuild: sulla-hotfix@1.3.1
6 silly lifecycle sulla-hotfix@1.3.1~prebuild: no script for prebuild, continuing
7 info lifecycle sulla-hotfix@1.3.1~build: sulla-hotfix@1.3.1
8 verbose lifecycle sulla-hotfix@1.3.1~build: unsafe-perm in lifecycle true
9 verbose lifecycle sulla-hotfix@1.3.1~build: PATH: /home/patrick/.nvm/versions/node/v12.12.0/lib/node_modules/npm/bin/node-gyp-bin:/home/patrick/Projetos/node/sulla/node_modules/.bin:/home/patrick/.nvm/versions/node/v12.12.0/bin:/home/patrick/.rbenv/plugins/ruby-build/bin:/home/patrick/.rbenv/shims:/home/patrick/.rbenv/bin:/usr/local/sbin:/usr/local/bin:/usr/sbin:/usr/bin:/sbin:/bin:/usr/games:/usr/local/games:/snap/bin
10 verbose lifecycle sulla-hotfix@1.3.1~build: CWD: /home/patrick/Projetos/node/sulla
11 silly lifecycle sulla-hotfix@1.3.1~build: Args: [ '-c', 'tsc && npm run build:middleware && npm run build:lib' ]
12 info lifecycle sulla-hotfix@1.3.1~build: Failed to exec build script
13 verbose stack Error: sulla-hotfix@1.3.1 build: `tsc && npm run build:middleware && npm run build:lib`
13 verbose stack spawn ENOENT
13 verbose stack     at ChildProcess.<anonymous> (/home/patrick/.nvm/versions/node/v12.12.0/lib/node_modules/npm/lib/utils/spawn.js:33:16)
13 verbose stack     at ChildProcess.emit (events.js:210:5)
13 verbose stack     at maybeClose (internal/child_process.js:1021:16)
13 verbose stack     at Process.ChildProcess._handle.onexit (internal/child_process.js:283:5)
14 verbose pkgid sulla-hotfix@1.3.1
15 verbose cwd /home/patrick/Projetos/node/sulla
16 error Linux 4.10.0-42-generic
17 error argv "/home/patrick/.nvm/versions/node/v12.12.0/bin/node" "/home/patrick/.nvm/versions/node/v12.12.0/bin/npm" "run" "build"
18 error node v12.12.0
19 error npm  v3.10.10
20 error file sh
21 error code ELIFECYCLE
22 error errno ENOENT
23 error syscall spawn
24 error sulla-hotfix@1.3.1 build: `tsc && npm run build:middleware && npm run build:lib`
24 error spawn ENOENT
25 error Failed at the sulla-hotfix@1.3.1 build script 'tsc && npm run build:middleware && npm run build:lib'.
25 error Make sure you have the latest version of node.js and npm installed.
25 error If you do, this is most likely a problem with the sulla-hotfix package,
25 error not with npm itself.
25 error Tell the author that this fails on your system:
25 error     tsc && npm run build:middleware && npm run build:lib
25 error You can get information on how to open an issue for this project with:
25 error     npm bugs sulla-hotfix
25 error Or if that isn't available, you can get their info via:
25 error     npm owner ls sulla-hotfix
25 error There is likely additional logging output above.
26 verbose exit [ 1, true ]
